c:\users\brorn\source\repos\opengl2\opengl2\debug\vc141.pdb
c:\users\brorn\source\repos\opengl2\opengl2\debug\vc141.idb
c:\users\brorn\source\repos\opengl2\opengl2\debug\xyz.obj
c:\users\brorn\source\repos\opengl2\opengl2\debug\vertexbuffer.obj
c:\users\brorn\source\repos\opengl2\opengl2\debug\vertexarray.obj
c:\users\brorn\source\repos\opengl2\opengl2\debug\vertex.obj
c:\users\brorn\source\repos\opengl2\opengl2\debug\stb_image.obj
c:\users\brorn\source\repos\opengl2\opengl2\debug\vec3.obj
c:\users\brorn\source\repos\opengl2\opengl2\debug\vec2.obj
c:\users\brorn\source\repos\opengl2\opengl2\debug\texture.obj
c:\users\brorn\source\repos\opengl2\opengl2\debug\main.obj
c:\users\brorn\source\repos\opengl2\opengl2\debug\shader.obj
c:\users\brorn\source\repos\opengl2\opengl2\debug\plane.obj
c:\users\brorn\source\repos\opengl2\opengl2\debug\object.obj
c:\users\brorn\source\repos\opengl2\opengl2\debug\mat4x4.obj
c:\users\brorn\source\repos\opengl2\opengl2\debug\indexbuffer.obj
c:\users\brorn\source\repos\opengl2\opengl2\debug\globals.obj
c:\users\brorn\source\repos\opengl2\opengl2\debug\camera.obj
c:\users\brorn\source\repos\opengl2\debug\opengl2.ilk
c:\users\brorn\source\repos\opengl2\debug\opengl2.exe
c:\users\brorn\source\repos\opengl2\debug\opengl2.pdb
c:\users\brorn\source\repos\opengl2\opengl2\debug\opengl2.res
c:\users\brorn\source\repos\opengl2\opengl2\debug\opengl2.tlog\cl.command.1.tlog
c:\users\brorn\source\repos\opengl2\opengl2\debug\opengl2.tlog\cl.read.1.tlog
c:\users\brorn\source\repos\opengl2\opengl2\debug\opengl2.tlog\cl.write.1.tlog
c:\users\brorn\source\repos\opengl2\opengl2\debug\opengl2.tlog\link.command.1.tlog
c:\users\brorn\source\repos\opengl2\opengl2\debug\opengl2.tlog\link.read.1.tlog
c:\users\brorn\source\repos\opengl2\opengl2\debug\opengl2.tlog\link.write.1.tlog
c:\users\brorn\source\repos\opengl2\opengl2\debug\opengl2.tlog\rc.command.1.tlog
c:\users\brorn\source\repos\opengl2\opengl2\debug\opengl2.tlog\rc.read.1.tlog
c:\users\brorn\source\repos\opengl2\opengl2\debug\opengl2.tlog\rc.write.1.tlog
